<?xml version="1.0" encoding="UTF-8"?>
<!-- Generated by org.testng.reporters.JUnitReportReporter -->
<testsuite hostname="JaiBajrangbali" failures="0" tests="1" name="P1.InheritanceDemoChild" time="0.009" errors="0" timestamp="2024-02-07T01:00:23 IST" skipped="0">
  <testcase classname="P1.InheritanceDemoChild" name="testRun" time="0.009"/>
</testsuite> <!-- P1.InheritanceDemoChild -->
