<?xml version="1.0" encoding="UTF-8"?>
<!-- Generated by org.testng.reporters.JUnitReportReporter -->
<testsuite hostname="JaiBajrangbali" failures="0" tests="1" name="P1.PracticeStreams" time="13.923" errors="0" timestamp="2024-03-02T16:00:40 IST" skipped="0">
  <testcase classname="P1.PracticeStreams" name="InValidEmail" time="13.923"/>
</testsuite> <!-- P1.PracticeStreams -->
