<?xml version="1.0" encoding="UTF-8"?>
<!-- Generated by org.testng.reporters.JUnitReportReporter -->
<testsuite hostname="JaiBajrangbali" failures="0" tests="1" name="p2.InheritanceDemoChild" time="0.012" errors="0" timestamp="2024-02-07T02:15:58 IST" skipped="0">
  <testcase classname="p2.InheritanceDemoChild" name="testRun" time="0.012"/>
  <system-out/>
</testsuite> <!-- p2.InheritanceDemoChild -->
