<?xml version="1.0" encoding="UTF-8"?>
<!-- Generated by org.testng.reporters.JUnitReportReporter -->
<testsuite hostname="JaiBajrangbali" failures="0" tests="2" name="NG.Basic2" time="0.003" errors="0" timestamp="2024-02-06T18:24:37 IST" skipped="0">
  <testcase classname="NG.Basic2" name="OD" time="0.001"/>
  <system-out/>
  <testcase classname="NG.Basic2" name="WM" time="0.002"/>
  <system-out/>
</testsuite> <!-- NG.Basic2 -->
