<?xml version="1.0" encoding="UTF-8"?>
<!-- Generated by org.testng.reporters.JUnitReportReporter -->
<testsuite hostname="JaiBajrangbali" failures="0" tests="3" name="NG.Basic" time="0.012" errors="0" timestamp="2024-02-06T18:24:37 IST" skipped="0">
  <testcase classname="NG.Basic" name="CASALogin" time="0.003"/>
  <system-out/>
  <testcase classname="NG.Basic" name="CASALogin" time="0.002"/>
  <system-out/>
  <testcase classname="NG.Basic" name="CASALogin" time="0.007"/>
  <system-out/>
</testsuite> <!-- NG.Basic -->
