<?xml version="1.0" encoding="UTF-8"?>
<!-- Generated by org.testng.reporters.JUnitReportReporter -->
<testsuite hostname="JaiBajrangbali" failures="0" tests="1" name="MavenPracticeProject.StandAloneTest" time="18.017" errors="0" timestamp="2024-02-09T17:48:53 IST" skipped="0">
  <testcase classname="MavenPracticeProject.StandAloneTest" name="submitOrder" time="18.017"/>
  <system-out/>
</testsuite> <!-- MavenPracticeProject.StandAloneTest -->
