<?xml version="1.0" encoding="UTF-8"?>
<!-- Generated by org.testng.reporters.JUnitReportReporter -->
<testsuite hostname="JaiBajrangbali" failures="0" tests="4" name="MavenPracticeProject.UserSubmitOrder" time="41.181" errors="0" timestamp="2024-02-29T10:59:24 IST" skipped="0">
  <testcase classname="MavenPracticeProject.UserSubmitOrder" name="VerifyOrder" time="3.049"/>
  <system-out/>
  <testcase classname="MavenPracticeProject.UserSubmitOrder" name="submitOrder" time="16.760"/>
  <system-out/>
  <testcase classname="MavenPracticeProject.UserSubmitOrder" name="VerifyOrder" time="4.432"/>
  <system-out/>
  <testcase classname="MavenPracticeProject.UserSubmitOrder" name="submitOrder" time="16.940"/>
  <system-out/>
</testsuite> <!-- MavenPracticeProject.UserSubmitOrder -->
