<?xml version="1.0" encoding="UTF-8"?>
<!-- Generated by org.testng.reporters.JUnitReportReporter -->
<testsuite hostname="JaiBajrangbali" failures="0" tests="4" name="MavenPracticeProject.UserSubmitOrder" time="39.184" errors="0" timestamp="2024-02-22T11:22:08 IST" skipped="0">
  <testcase classname="MavenPracticeProject.UserSubmitOrder" name="submitOrder" time="16.789"/>
  <system-out/>
  <testcase classname="MavenPracticeProject.UserSubmitOrder" name="VerifyOrder" time="2.447"/>
  <system-out/>
  <testcase classname="MavenPracticeProject.UserSubmitOrder" name="submitOrder" time="15.814"/>
  <system-out/>
  <testcase classname="MavenPracticeProject.UserSubmitOrder" name="VerifyOrder" time="4.134"/>
  <system-out/>
</testsuite> <!-- MavenPracticeProject.UserSubmitOrder -->
