<?xml version="1.0" encoding="UTF-8"?>
<!-- Generated by org.testng.reporters.JUnitReportReporter -->
<testsuite hostname="JaiBajrangbali" failures="0" tests="2" name="cucumber.TestRunner" time="4.972" errors="0" timestamp="2024-02-22T12:02:59 IST" skipped="0">
  <testcase classname="cucumber.TestRunner" name="runScenario" time="2.099"/>
  <system-out/>
  <testcase classname="cucumber.TestRunner" name="runScenario" time="2.873"/>
  <system-out/>
</testsuite> <!-- cucumber.TestRunner -->
