<?xml version="1.0" encoding="UTF-8"?>
<!-- Generated by org.testng.reporters.JUnitReportReporter -->
<testsuite hostname="JaiBajrangbali" failures="0" tests="1" name="MavenPracticeProject.ErrorValidation" time="4.763" errors="0" timestamp="2024-02-29T10:59:24 IST" skipped="0">
  <testcase classname="MavenPracticeProject.ErrorValidation" name="errorv" time="4.763"/>
  <system-out/>
</testsuite> <!-- MavenPracticeProject.ErrorValidation -->
