<?xml version="1.0" encoding="UTF-8"?>
<!-- Generated by org.testng.reporters.JUnitReportReporter -->
<testsuite hostname="JaiBajrangbali" failures="0" tests="1" name="Er.ExtentReportDemo" time="3.463" errors="0" timestamp="2024-02-12T23:09:42 IST" skipped="0">
  <testcase classname="Er.ExtentReportDemo" name="StandAloneEr" time="3.463"/>
</testsuite> <!-- Er.ExtentReportDemo -->
