<?xml version="1.0" encoding="UTF-8"?>
<!-- Generated by org.testng.reporters.JUnitReportReporter -->
<testsuite hostname="JaiBajrangbali" failures="0" tests="1" name="MavenPracticeProject.ErrorValidation" time="4.495" errors="0" timestamp="2024-02-22T12:35:21 IST" skipped="0">
  <testcase classname="MavenPracticeProject.ErrorValidation" name="errorv" time="4.495"/>
</testsuite> <!-- MavenPracticeProject.ErrorValidation -->
