<?xml version="1.0" encoding="UTF-8"?>
<!-- Generated by org.testng.reporters.JUnitReportReporter -->
<testsuite hostname="JaiBajrangbali" failures="0" tests="5" name="MavenPracticeProject.UserSubmitOrder" time="36.307" errors="0" timestamp="2024-02-22T12:35:21 IST" skipped="1">
  <testcase classname="MavenPracticeProject.UserSubmitOrder" name="submitOrder" time="4.480">
    <skipped/>
  </testcase> <!-- submitOrder -->
  <testcase classname="MavenPracticeProject.UserSubmitOrder" name="submitOrder" time="7.636"/>
  <testcase classname="MavenPracticeProject.UserSubmitOrder" name="submitOrder" time="16.943"/>
  <testcase classname="MavenPracticeProject.UserSubmitOrder" name="VerifyOrder" time="3.964"/>
  <testcase classname="MavenPracticeProject.UserSubmitOrder" name="VerifyOrder" time="3.284"/>
</testsuite> <!-- MavenPracticeProject.UserSubmitOrder -->
